  [1m[36mSQL (1.0ms)[0m  [1mCREATE EXTENSION IF NOT EXISTS "plpgsql"[0m
  [1m[35m (99.1ms)[0m  CREATE TABLE "pins" ("id" serial primary key, "title" character varying, "url" character varying, "text" text, "slug" character varying, "resource_type" character varying) 
  [1m[36m (66.0ms)[0m  [1mCREATE TABLE "schema_migrations" ("version" character varying NOT NULL) [0m
  [1m[35m (38.0ms)[0m  CREATE UNIQUE INDEX  "unique_schema_migrations" ON "schema_migrations"  ("version")
  [1m[36m (8.0ms)[0m  [1mSELECT version FROM "schema_migrations"[0m
  [1m[35m (1.0ms)[0m  INSERT INTO "schema_migrations" (version) VALUES ('20150320022457')
  [1m[36m (0.0ms)[0m  [1mINSERT INTO "schema_migrations" (version) VALUES ('20150318194553')[0m
  [1m[35mSQL (1.0ms)[0m  CREATE EXTENSION IF NOT EXISTS "plpgsql"
  [1m[36m (261.2ms)[0m  [1mCREATE TABLE "pins" ("id" serial primary key, "title" character varying, "url" character varying, "text" text, "slug" character varying, "resource_type" character varying) [0m
  [1m[35m (83.1ms)[0m  CREATE TABLE "schema_migrations" ("version" character varying NOT NULL) 
  [1m[36m (63.1ms)[0m  [1mCREATE UNIQUE INDEX  "unique_schema_migrations" ON "schema_migrations"  ("version")[0m
  [1m[35m (23.0ms)[0m  SELECT version FROM "schema_migrations"
  [1m[36m (2.0ms)[0m  [1mINSERT INTO "schema_migrations" (version) VALUES ('20150320022457')[0m
  [1m[35m (0.0ms)[0m  INSERT INTO "schema_migrations" (version) VALUES ('20150318194553')
  [1m[36mActiveRecord::SchemaMigration Load (7.0ms)[0m  [1mSELECT "schema_migrations".* FROM "schema_migrations"[0m
  [1m[35m (1.0ms)[0m  BEGIN
  [1m[36mPin Exists (2.0ms)[0m  [1mSELECT  1 AS one FROM "pins" WHERE "pins"."slug" = 'rails-tutorial' LIMIT 1[0m
  [1m[35mSQL (1.0ms)[0m  INSERT INTO "pins" ("title", "url", "text", "slug", "resource_type") VALUES ($1, $2, $3, $4, $5) RETURNING "id"  [["title", "Rails Tutorial"], ["url", "https://www.railstutorial.org/"], ["text", "The trusted standard in self-directed introductions to Ruby on Rails. A complete treatment of all the essentials\n    required in most production Rails applications."], ["slug", "rails-tutorial"], ["resource_type", "rails"]]
  [1m[36m (0.0ms)[0m  [1mCOMMIT[0m
  [1m[35m (0.0ms)[0m  BEGIN
  [1m[36mPin Exists (0.0ms)[0m  [1mSELECT  1 AS one FROM "pins" WHERE "pins"."slug" = 'rails-for-zombies' LIMIT 1[0m
  [1m[35mSQL (0.0ms)[0m  INSERT INTO "pins" ("title", "url", "text", "slug", "resource_type") VALUES ($1, $2, $3, $4, $5) RETURNING "id"  [["title", "Rails for Zombies"], ["url", "http://railsforzombies.org"], ["text", "A fun, gamified way to hone your Rails skills! Come on...who doesn't like fighting zombies?!"], ["slug", "rails-for-zombies"], ["resource_type", "rails"]]
  [1m[36m (1.0ms)[0m  [1mCOMMIT[0m
  [1m[35m (0.0ms)[0m  BEGIN
  [1m[36mPin Exists (0.0ms)[0m  [1mSELECT  1 AS one FROM "pins" WHERE "pins"."slug" = 'try-ruby' LIMIT 1[0m
  [1m[35mSQL (1.0ms)[0m  INSERT INTO "pins" ("title", "url", "text", "slug", "resource_type") VALUES ($1, $2, $3, $4, $5) RETURNING "id"  [["title", "Try Ruby"], ["url", "http://tryruby.org/"], ["text", "An interactive, in-browser tutorial for the Ruby programming language. A thorough walkthrough of \n    Ruby's nuances, geared toward beginners."], ["slug", "try-ruby"], ["resource_type", "ruby"]]
  [1m[36m (0.0ms)[0m  [1mCOMMIT[0m
  [1m[35m (0.0ms)[0m  BEGIN
  [1m[36mPin Exists (1.0ms)[0m  [1mSELECT  1 AS one FROM "pins" WHERE "pins"."slug" = 'ruby-quiz' LIMIT 1[0m
  [1m[35mSQL (0.0ms)[0m  INSERT INTO "pins" ("title", "url", "text", "slug", "resource_type") VALUES ($1, $2, $3, $4, $5) RETURNING "id"  [["title", "Ruby Quiz"], ["url", "http://rubyquiz.org"], ["text", "A collection of quizzes on the Ruby programming language."], ["slug", "ruby-quiz"], ["resource_type", "ruby"]]
  [1m[36m (1.0ms)[0m  [1mCOMMIT[0m
  [1m[35m (0.0ms)[0m  BEGIN
  [1m[36mPin Exists (0.0ms)[0m  [1mSELECT  1 AS one FROM "pins" WHERE "pins"."slug" = 'ga-ror-for-developers' LIMIT 1[0m
  [1m[35mSQL (0.0ms)[0m  INSERT INTO "pins" ("title", "url", "text", "slug", "resource_type") VALUES ($1, $2, $3, $4, $5) RETURNING "id"  [["title", "Ruby on Rails for Developers"], ["url", "https://github.com/generalassembly/ga-ruby-on-rails-for-devs"], ["text", "Somewhat advanced curriculum, but the exercises are also good for anyone who is motivated and \n    self-guided with experience."], ["slug", "ga-ror-for-developers"], ["resource_type", "rails"]]
  [1m[36m (1.0ms)[0m  [1mCOMMIT[0m
  [1m[35m (0.0ms)[0m  BEGIN
  [1m[36mPin Exists (0.0ms)[0m  [1mSELECT  1 AS one FROM "pins" WHERE "pins"."slug" = 'ruby-monk' LIMIT 1[0m
  [1m[35mSQL (1.0ms)[0m  INSERT INTO "pins" ("title", "url", "text", "slug", "resource_type") VALUES ($1, $2, $3, $4, $5) RETURNING "id"  [["title", "Ruby Monk"], ["url", "http://rubymonk.com"], ["text", "The Ruby Primer is a free interactive book that helps you learn Ruby. Discover Ruby idioms, learn \n    lessons and solve problems, all in your browser!"], ["slug", "ruby-monk"], ["resource_type", "ruby"]]
  [1m[36m (0.0ms)[0m  [1mCOMMIT[0m


Started GET "/" for ::1 at 2015-06-15 23:35:52 -0500
  [1m[36mActiveRecord::SchemaMigration Load (1.0ms)[0m  [1mSELECT "schema_migrations".* FROM "schema_migrations"[0m
Processing by PinsController#index as HTML
  [1m[35mPin Load (1.0ms)[0m  SELECT "pins".* FROM "pins"
  Rendered pins/index.erb within layouts/application (16.0ms)
Completed 200 OK in 7296ms (Views: 7252.2ms | ActiveRecord: 6.0ms)


Started GET "/assets/cosmo-bootswatch-theme.self-c47e5de2daab674872713b8e1066b4ca5f69e2437ff6dd0ee3ffc4b21557fc00.css?body=1" for ::1 at 2015-06-15 23:36:00 -0500


Started GET "/assets/pins.self-df115e3ff23dae7ec4bfe273f81068f89880bfe15bc3d17fb352b27e4d2c8393.css?body=1" for ::1 at 2015-06-15 23:36:00 -0500


Started GET "/assets/application.self-e7a2f61f11e45634a8aec5caf2b0ead9e7b1d10aa20ddfd12dcb28faa6ed5289.css?body=1" for ::1 at 2015-06-15 23:36:00 -0500


Started GET "/assets/application.self-3a3c8b61bda630ee689740ce7cbd0dd8ea6fdd45e2c42eef4661ab38cf268afe.js?body=1" for ::1 at 2015-06-15 23:36:00 -0500


Started GET "/" for ::1 at 2015-06-15 23:41:33 -0500
Processing by PinsController#index as HTML
  [1m[36mPin Load (0.0ms)[0m  [1mSELECT "pins".* FROM "pins"[0m
  Rendered pins/index.erb within layouts/application (3.0ms)
Completed 200 OK in 70ms (Views: 70.0ms | ActiveRecord: 0.0ms)


Started GET "/assets/cosmo-bootswatch-theme.self-c47e5de2daab674872713b8e1066b4ca5f69e2437ff6dd0ee3ffc4b21557fc00.css?body=1" for ::1 at 2015-06-15 23:41:33 -0500


Started GET "/assets/jquery_ujs.self-8e98a7a072a6cee1372d19fff9ff3e6aa1e39a37d89d6f06861637d061113ee7.js?body=1" for ::1 at 2015-06-15 23:41:33 -0500


Started GET "/assets/application.self-e7a2f61f11e45634a8aec5caf2b0ead9e7b1d10aa20ddfd12dcb28faa6ed5289.css?body=1" for ::1 at 2015-06-15 23:41:33 -0500


Started GET "/assets/turbolinks.self-6fb86ff58d930b560704818c7d9e5f60d83d65b91c6778c7f7e4210d5ba82127.js?body=1" for ::1 at 2015-06-15 23:41:33 -0500


Started GET "/assets/jquery.self-d03a5518f45df77341bdbe6201ba3bfa547ebba8ed64f0ea56bfa5f96ea7c074.js?body=1" for ::1 at 2015-06-15 23:41:33 -0500


Started GET "/assets/pins.self-df115e3ff23dae7ec4bfe273f81068f89880bfe15bc3d17fb352b27e4d2c8393.css?body=1" for ::1 at 2015-06-15 23:41:33 -0500


Started GET "/assets/application.self-3a3c8b61bda630ee689740ce7cbd0dd8ea6fdd45e2c42eef4661ab38cf268afe.js?body=1" for ::1 at 2015-06-15 23:41:33 -0500


Started GET "/" for ::1 at 2015-06-15 23:42:04 -0500
  [1m[36mActiveRecord::SchemaMigration Load (8.0ms)[0m  [1mSELECT "schema_migrations".* FROM "schema_migrations"[0m
Processing by PinsController#index as HTML
  [1m[35mPin Load (1.0ms)[0m  SELECT "pins".* FROM "pins"
  Rendered pins/index.erb within layouts/application (15.0ms)
Completed 200 OK in 727ms (Views: 698.5ms | ActiveRecord: 6.0ms)


Started GET "/pin" for ::1 at 2015-06-15 23:48:18 -0500

ActionController::RoutingError (No route matches [GET] "/pin"):
  actionpack (4.2.0) lib/action_dispatch/middleware/debug_exceptions.rb:21:in `call'
  web-console (2.1.2) lib/web_console/middleware.rb:37:in `call'
  actionpack (4.2.0) lib/action_dispatch/middleware/show_exceptions.rb:30:in `call'
  railties (4.2.0) lib/rails/rack/logger.rb:38:in `call_app'
  railties (4.2.0) lib/rails/rack/logger.rb:20:in `block in call'
  activesupport (4.2.0) lib/active_support/tagged_logging.rb:68:in `block in tagged'
  activesupport (4.2.0) lib/active_support/tagged_logging.rb:26:in `tagged'
  activesupport (4.2.0) lib/active_support/tagged_logging.rb:68:in `tagged'
  railties (4.2.0) lib/rails/rack/logger.rb:20:in `call'
  actionpack (4.2.0) lib/action_dispatch/middleware/request_id.rb:21:in `call'
  rack (1.6.1) lib/rack/methodoverride.rb:22:in `call'
  rack (1.6.1) lib/rack/runtime.rb:18:in `call'
  activesupport (4.2.0) lib/active_support/cache/strategy/local_cache_middleware.rb:28:in `call'
  rack (1.6.1) lib/rack/lock.rb:17:in `call'
  actionpack (4.2.0) lib/action_dispatch/middleware/static.rb:113:in `call'
  rack (1.6.1) lib/rack/sendfile.rb:113:in `call'
  railties (4.2.0) lib/rails/engine.rb:518:in `call'
  railties (4.2.0) lib/rails/application.rb:164:in `call'
  rack (1.6.1) lib/rack/content_length.rb:15:in `call'
  puma (2.11.3) lib/puma/server.rb:507:in `handle_request'
  puma (2.11.3) lib/puma/server.rb:375:in `process_client'
  puma (2.11.3) lib/puma/server.rb:262:in `block in run'
  puma (2.11.3) lib/puma/thread_pool.rb:104:in `call'
  puma (2.11.3) lib/puma/thread_pool.rb:104:in `block in spawn_thread'


  Rendered C:/Ruby200-x64/lib/ruby/gems/2.0.0/gems/actionpack-4.2.0/lib/action_dispatch/middleware/templates/rescues/_trace.html.erb (1.0ms)
  Rendered C:/Ruby200-x64/lib/ruby/gems/2.0.0/gems/actionpack-4.2.0/lib/action_dispatch/middleware/templates/routes/_route.html.erb (1.0ms)
  Rendered C:/Ruby200-x64/lib/ruby/gems/2.0.0/gems/actionpack-4.2.0/lib/action_dispatch/middleware/templates/routes/_table.html.erb (23.0ms)
  Rendered C:/Ruby200-x64/lib/ruby/gems/2.0.0/gems/actionpack-4.2.0/lib/action_dispatch/middleware/templates/rescues/_request_and_response.html.erb (2.0ms)
  Rendered C:/Ruby200-x64/lib/ruby/gems/2.0.0/gems/actionpack-4.2.0/lib/action_dispatch/middleware/templates/rescues/routing_error.html.erb within rescues/layout (120.1ms)
  Rendered C:/Ruby200-x64/lib/ruby/gems/2.0.0/gems/web-console-2.1.2/lib/web_console/templates/_markup.html.erb (0.0ms)
  Rendered C:/Ruby200-x64/lib/ruby/gems/2.0.0/gems/web-console-2.1.2/lib/web_console/templates/style.css.erb within layouts/inlined_string (0.0ms)
  Rendered C:/Ruby200-x64/lib/ruby/gems/2.0.0/gems/web-console-2.1.2/lib/web_console/templates/_inner_console_markup.html.erb within layouts/inlined_string (0.0ms)
  Rendered C:/Ruby200-x64/lib/ruby/gems/2.0.0/gems/web-console-2.1.2/lib/web_console/templates/_prompt_box_markup.html.erb within layouts/inlined_string (0.0ms)
  Rendered C:/Ruby200-x64/lib/ruby/gems/2.0.0/gems/web-console-2.1.2/lib/web_console/templates/console.js.erb within layouts/javascript (66.0ms)
  Rendered C:/Ruby200-x64/lib/ruby/gems/2.0.0/gems/web-console-2.1.2/lib/web_console/templates/main.js.erb within layouts/javascript (2.0ms)
  Rendered C:/Ruby200-x64/lib/ruby/gems/2.0.0/gems/web-console-2.1.2/lib/web_console/templates/error_page.js.erb within layouts/javascript (0.0ms)
  Rendered C:/Ruby200-x64/lib/ruby/gems/2.0.0/gems/web-console-2.1.2/lib/web_console/templates/index.html.erb (151.1ms)


Started GET "/pins" for ::1 at 2015-06-15 23:48:32 -0500
Processing by PinsController#index as HTML
  [1m[36mPin Load (1.0ms)[0m  [1mSELECT "pins".* FROM "pins"[0m
  Rendered pins/index.erb within layouts/application (3.0ms)
Completed 200 OK in 124ms (Views: 122.1ms | ActiveRecord: 1.0ms)


Started GET "/pins/edit" for ::1 at 2015-06-15 23:48:39 -0500
Processing by PinsController#show as HTML
  Parameters: {"id"=>"edit"}
  [1m[35mPin Load (0.0ms)[0m  SELECT  "pins".* FROM "pins" WHERE "pins"."id" = $1 LIMIT 1  [["id", 0]]
Completed 404 Not Found in 116ms

ActiveRecord::RecordNotFound (Couldn't find Pin with 'id'=edit):
  app/controllers/pins_controller.rb:8:in `show'


  Rendered C:/Ruby200-x64/lib/ruby/gems/2.0.0/gems/actionpack-4.2.0/lib/action_dispatch/middleware/templates/rescues/_source.erb (1.0ms)
  Rendered C:/Ruby200-x64/lib/ruby/gems/2.0.0/gems/actionpack-4.2.0/lib/action_dispatch/middleware/templates/rescues/_trace.html.erb (3.0ms)
  Rendered C:/Ruby200-x64/lib/ruby/gems/2.0.0/gems/actionpack-4.2.0/lib/action_dispatch/middleware/templates/rescues/_request_and_response.html.erb (1.0ms)
  Rendered C:/Ruby200-x64/lib/ruby/gems/2.0.0/gems/actionpack-4.2.0/lib/action_dispatch/middleware/templates/rescues/diagnostics.html.erb within rescues/layout (66.1ms)
  Rendered C:/Ruby200-x64/lib/ruby/gems/2.0.0/gems/web-console-2.1.2/lib/web_console/templates/_markup.html.erb (1.0ms)
  Rendered C:/Ruby200-x64/lib/ruby/gems/2.0.0/gems/web-console-2.1.2/lib/web_console/templates/style.css.erb within layouts/inlined_string (1.0ms)
  Rendered C:/Ruby200-x64/lib/ruby/gems/2.0.0/gems/web-console-2.1.2/lib/web_console/templates/_inner_console_markup.html.erb within layouts/inlined_string (0.0ms)
  Rendered C:/Ruby200-x64/lib/ruby/gems/2.0.0/gems/web-console-2.1.2/lib/web_console/templates/_prompt_box_markup.html.erb within layouts/inlined_string (1.0ms)
  Rendered C:/Ruby200-x64/lib/ruby/gems/2.0.0/gems/web-console-2.1.2/lib/web_console/templates/console.js.erb within layouts/javascript (68.0ms)
  Rendered C:/Ruby200-x64/lib/ruby/gems/2.0.0/gems/web-console-2.1.2/lib/web_console/templates/main.js.erb within layouts/javascript (0.0ms)
  Rendered C:/Ruby200-x64/lib/ruby/gems/2.0.0/gems/web-console-2.1.2/lib/web_console/templates/error_page.js.erb within layouts/javascript (0.0ms)
  Rendered C:/Ruby200-x64/lib/ruby/gems/2.0.0/gems/web-console-2.1.2/lib/web_console/templates/index.html.erb (150.1ms)


Started GET "/pins/4/edit" for ::1 at 2015-06-15 23:49:19 -0500

AbstractController::ActionNotFound (The action 'edit' could not be found for PinsController):
  actionpack (4.2.0) lib/abstract_controller/base.rb:132:in `process'
  actionview (4.2.0) lib/action_view/rendering.rb:30:in `process'
  actionpack (4.2.0) lib/action_controller/metal.rb:195:in `dispatch'
  actionpack (4.2.0) lib/action_controller/metal/rack_delegation.rb:13:in `dispatch'
  actionpack (4.2.0) lib/action_controller/metal.rb:236:in `block in action'
  actionpack (4.2.0) lib/action_dispatch/routing/route_set.rb:73:in `call'
  actionpack (4.2.0) lib/action_dispatch/routing/route_set.rb:73:in `dispatch'
  actionpack (4.2.0) lib/action_dispatch/routing/route_set.rb:42:in `serve'
  actionpack (4.2.0) lib/action_dispatch/journey/router.rb:43:in `block in serve'
  actionpack (4.2.0) lib/action_dispatch/journey/router.rb:30:in `each'
  actionpack (4.2.0) lib/action_dispatch/journey/router.rb:30:in `serve'
  actionpack (4.2.0) lib/action_dispatch/routing/route_set.rb:802:in `call'
  rack (1.6.1) lib/rack/etag.rb:24:in `call'
  rack (1.6.1) lib/rack/conditionalget.rb:25:in `call'
  rack (1.6.1) lib/rack/head.rb:13:in `call'
  actionpack (4.2.0) lib/action_dispatch/middleware/params_parser.rb:27:in `call'
  actionpack (4.2.0) lib/action_dispatch/middleware/flash.rb:260:in `call'
  rack (1.6.1) lib/rack/session/abstract/id.rb:225:in `context'
  rack (1.6.1) lib/rack/session/abstract/id.rb:220:in `call'
  actionpack (4.2.0) lib/action_dispatch/middleware/cookies.rb:560:in `call'
  activerecord (4.2.0) lib/active_record/query_cache.rb:36:in `call'
  activerecord (4.2.0) lib/active_record/connection_adapters/abstract/connection_pool.rb:647:in `call'
  activerecord (4.2.0) lib/active_record/migration.rb:378:in `call'
  actionpack (4.2.0) lib/action_dispatch/middleware/callbacks.rb:29:in `block in call'
  activesupport (4.2.0) lib/active_support/callbacks.rb:88:in `call'
  activesupport (4.2.0) lib/active_support/callbacks.rb:88:in `_run_callbacks'
  activesupport (4.2.0) lib/active_support/callbacks.rb:734:in `_run_call_callbacks'
  activesupport (4.2.0) lib/active_support/callbacks.rb:81:in `run_callbacks'
  actionpack (4.2.0) lib/action_dispatch/middleware/callbacks.rb:27:in `call'
  actionpack (4.2.0) lib/action_dispatch/middleware/reloader.rb:73:in `call'
  actionpack (4.2.0) lib/action_dispatch/middleware/remote_ip.rb:78:in `call'
  actionpack (4.2.0) lib/action_dispatch/middleware/debug_exceptions.rb:17:in `call'
  web-console (2.1.2) lib/web_console/middleware.rb:37:in `call'
  actionpack (4.2.0) lib/action_dispatch/middleware/show_exceptions.rb:30:in `call'
  railties (4.2.0) lib/rails/rack/logger.rb:38:in `call_app'
  railties (4.2.0) lib/rails/rack/logger.rb:20:in `block in call'
  activesupport (4.2.0) lib/active_support/tagged_logging.rb:68:in `block in tagged'
  activesupport (4.2.0) lib/active_support/tagged_logging.rb:26:in `tagged'
  activesupport (4.2.0) lib/active_support/tagged_logging.rb:68:in `tagged'
  railties (4.2.0) lib/rails/rack/logger.rb:20:in `call'
  actionpack (4.2.0) lib/action_dispatch/middleware/request_id.rb:21:in `call'
  rack (1.6.1) lib/rack/methodoverride.rb:22:in `call'
  rack (1.6.1) lib/rack/runtime.rb:18:in `call'
  activesupport (4.2.0) lib/active_support/cache/strategy/local_cache_middleware.rb:28:in `call'
  rack (1.6.1) lib/rack/lock.rb:17:in `call'
  actionpack (4.2.0) lib/action_dispatch/middleware/static.rb:113:in `call'
  rack (1.6.1) lib/rack/sendfile.rb:113:in `call'
  railties (4.2.0) lib/rails/engine.rb:518:in `call'
  railties (4.2.0) lib/rails/application.rb:164:in `call'
  rack (1.6.1) lib/rack/content_length.rb:15:in `call'
  puma (2.11.3) lib/puma/server.rb:507:in `handle_request'
  puma (2.11.3) lib/puma/server.rb:375:in `process_client'
  puma (2.11.3) lib/puma/server.rb:262:in `block in run'
  puma (2.11.3) lib/puma/thread_pool.rb:104:in `call'
  puma (2.11.3) lib/puma/thread_pool.rb:104:in `block in spawn_thread'


  Rendered C:/Ruby200-x64/lib/ruby/gems/2.0.0/gems/actionpack-4.2.0/lib/action_dispatch/middleware/templates/rescues/unknown_action.html.erb within rescues/layout (1.0ms)
  Rendered C:/Ruby200-x64/lib/ruby/gems/2.0.0/gems/web-console-2.1.2/lib/web_console/templates/_markup.html.erb (0.0ms)
  Rendered C:/Ruby200-x64/lib/ruby/gems/2.0.0/gems/web-console-2.1.2/lib/web_console/templates/style.css.erb within layouts/inlined_string (1.0ms)
  Rendered C:/Ruby200-x64/lib/ruby/gems/2.0.0/gems/web-console-2.1.2/lib/web_console/templates/_inner_console_markup.html.erb within layouts/inlined_string (0.0ms)
  Rendered C:/Ruby200-x64/lib/ruby/gems/2.0.0/gems/web-console-2.1.2/lib/web_console/templates/_prompt_box_markup.html.erb within layouts/inlined_string (1.0ms)
  Rendered C:/Ruby200-x64/lib/ruby/gems/2.0.0/gems/web-console-2.1.2/lib/web_console/templates/console.js.erb within layouts/javascript (66.1ms)
  Rendered C:/Ruby200-x64/lib/ruby/gems/2.0.0/gems/web-console-2.1.2/lib/web_console/templates/main.js.erb within layouts/javascript (0.0ms)
  Rendered C:/Ruby200-x64/lib/ruby/gems/2.0.0/gems/web-console-2.1.2/lib/web_console/templates/error_page.js.erb within layouts/javascript (1.0ms)
  Rendered C:/Ruby200-x64/lib/ruby/gems/2.0.0/gems/web-console-2.1.2/lib/web_console/templates/index.html.erb (152.1ms)


Started GET "/pins/4" for ::1 at 2015-06-15 23:49:29 -0500
Processing by PinsController#show as HTML
  Parameters: {"id"=>"4"}
  [1m[36mPin Load (1.0ms)[0m  [1mSELECT  "pins".* FROM "pins" WHERE "pins"."id" = $1 LIMIT 1[0m  [["id", 4]]
  Rendered pins/show.erb within layouts/application (11.0ms)
Completed 500 Internal Server Error in 22ms

ActionView::Template::Error (undefined local variable or method `pin' for #<#<Class:0x000000071251b8>:0x0000000a65dd80>):
    10:   <hr/>
    11:   <p>
    12:     <b>Visit <%= "#{@pin.title}" %> at: </b>
    13:     <a class="url" href="<%= "#{pin.url}" %>" target="_blank">
    14:       <%= "#{pin.url}" %>
    15:     </a>
    16:   </p>
  app/views/pins/show.erb:13:in `_app_views_pins_show_erb__1009389943_87240180'


  Rendered C:/Ruby200-x64/lib/ruby/gems/2.0.0/gems/actionpack-4.2.0/lib/action_dispatch/middleware/templates/rescues/_source.erb (0.0ms)
  Rendered C:/Ruby200-x64/lib/ruby/gems/2.0.0/gems/actionpack-4.2.0/lib/action_dispatch/middleware/templates/rescues/_trace.html.erb (3.0ms)
  Rendered C:/Ruby200-x64/lib/ruby/gems/2.0.0/gems/actionpack-4.2.0/lib/action_dispatch/middleware/templates/rescues/_request_and_response.html.erb (1.0ms)
  Rendered C:/Ruby200-x64/lib/ruby/gems/2.0.0/gems/actionpack-4.2.0/lib/action_dispatch/middleware/templates/rescues/template_error.html.erb within rescues/layout (64.0ms)
  Rendered C:/Ruby200-x64/lib/ruby/gems/2.0.0/gems/web-console-2.1.2/lib/web_console/templates/_markup.html.erb (0.0ms)
  Rendered C:/Ruby200-x64/lib/ruby/gems/2.0.0/gems/web-console-2.1.2/lib/web_console/templates/style.css.erb within layouts/inlined_string (1.0ms)
  Rendered C:/Ruby200-x64/lib/ruby/gems/2.0.0/gems/web-console-2.1.2/lib/web_console/templates/_inner_console_markup.html.erb within layouts/inlined_string (0.0ms)
  Rendered C:/Ruby200-x64/lib/ruby/gems/2.0.0/gems/web-console-2.1.2/lib/web_console/templates/_prompt_box_markup.html.erb within layouts/inlined_string (1.0ms)
  Rendered C:/Ruby200-x64/lib/ruby/gems/2.0.0/gems/web-console-2.1.2/lib/web_console/templates/console.js.erb within layouts/javascript (67.0ms)
  Rendered C:/Ruby200-x64/lib/ruby/gems/2.0.0/gems/web-console-2.1.2/lib/web_console/templates/main.js.erb within layouts/javascript (0.0ms)
  Rendered C:/Ruby200-x64/lib/ruby/gems/2.0.0/gems/web-console-2.1.2/lib/web_console/templates/error_page.js.erb within layouts/javascript (1.0ms)
  Rendered C:/Ruby200-x64/lib/ruby/gems/2.0.0/gems/web-console-2.1.2/lib/web_console/templates/index.html.erb (150.1ms)


Started GET "/pin/4" for ::1 at 2015-06-15 23:49:47 -0500

ActionController::RoutingError (No route matches [GET] "/pin/4"):
  actionpack (4.2.0) lib/action_dispatch/middleware/debug_exceptions.rb:21:in `call'
  web-console (2.1.2) lib/web_console/middleware.rb:37:in `call'
  actionpack (4.2.0) lib/action_dispatch/middleware/show_exceptions.rb:30:in `call'
  railties (4.2.0) lib/rails/rack/logger.rb:38:in `call_app'
  railties (4.2.0) lib/rails/rack/logger.rb:20:in `block in call'
  activesupport (4.2.0) lib/active_support/tagged_logging.rb:68:in `block in tagged'
  activesupport (4.2.0) lib/active_support/tagged_logging.rb:26:in `tagged'
  activesupport (4.2.0) lib/active_support/tagged_logging.rb:68:in `tagged'
  railties (4.2.0) lib/rails/rack/logger.rb:20:in `call'
  actionpack (4.2.0) lib/action_dispatch/middleware/request_id.rb:21:in `call'
  rack (1.6.1) lib/rack/methodoverride.rb:22:in `call'
  rack (1.6.1) lib/rack/runtime.rb:18:in `call'
  activesupport (4.2.0) lib/active_support/cache/strategy/local_cache_middleware.rb:28:in `call'
  rack (1.6.1) lib/rack/lock.rb:17:in `call'
  actionpack (4.2.0) lib/action_dispatch/middleware/static.rb:113:in `call'
  rack (1.6.1) lib/rack/sendfile.rb:113:in `call'
  railties (4.2.0) lib/rails/engine.rb:518:in `call'
  railties (4.2.0) lib/rails/application.rb:164:in `call'
  rack (1.6.1) lib/rack/content_length.rb:15:in `call'
  puma (2.11.3) lib/puma/server.rb:507:in `handle_request'
  puma (2.11.3) lib/puma/server.rb:375:in `process_client'
  puma (2.11.3) lib/puma/server.rb:262:in `block in run'
  puma (2.11.3) lib/puma/thread_pool.rb:104:in `call'
  puma (2.11.3) lib/puma/thread_pool.rb:104:in `block in spawn_thread'


  Rendered C:/Ruby200-x64/lib/ruby/gems/2.0.0/gems/actionpack-4.2.0/lib/action_dispatch/middleware/templates/rescues/_trace.html.erb (2.0ms)
  Rendered C:/Ruby200-x64/lib/ruby/gems/2.0.0/gems/actionpack-4.2.0/lib/action_dispatch/middleware/templates/routes/_route.html.erb (1.0ms)
  Rendered C:/Ruby200-x64/lib/ruby/gems/2.0.0/gems/actionpack-4.2.0/lib/action_dispatch/middleware/templates/routes/_table.html.erb (1.0ms)
  Rendered C:/Ruby200-x64/lib/ruby/gems/2.0.0/gems/actionpack-4.2.0/lib/action_dispatch/middleware/templates/rescues/_request_and_response.html.erb (1.0ms)
  Rendered C:/Ruby200-x64/lib/ruby/gems/2.0.0/gems/actionpack-4.2.0/lib/action_dispatch/middleware/templates/rescues/routing_error.html.erb within rescues/layout (92.1ms)
  Rendered C:/Ruby200-x64/lib/ruby/gems/2.0.0/gems/web-console-2.1.2/lib/web_console/templates/_markup.html.erb (0.0ms)
  Rendered C:/Ruby200-x64/lib/ruby/gems/2.0.0/gems/web-console-2.1.2/lib/web_console/templates/style.css.erb within layouts/inlined_string (0.0ms)
  Rendered C:/Ruby200-x64/lib/ruby/gems/2.0.0/gems/web-console-2.1.2/lib/web_console/templates/_inner_console_markup.html.erb within layouts/inlined_string (0.0ms)
  Rendered C:/Ruby200-x64/lib/ruby/gems/2.0.0/gems/web-console-2.1.2/lib/web_console/templates/_prompt_box_markup.html.erb within layouts/inlined_string (0.0ms)
  Rendered C:/Ruby200-x64/lib/ruby/gems/2.0.0/gems/web-console-2.1.2/lib/web_console/templates/console.js.erb within layouts/javascript (70.1ms)
  Rendered C:/Ruby200-x64/lib/ruby/gems/2.0.0/gems/web-console-2.1.2/lib/web_console/templates/main.js.erb within layouts/javascript (0.0ms)
  Rendered C:/Ruby200-x64/lib/ruby/gems/2.0.0/gems/web-console-2.1.2/lib/web_console/templates/error_page.js.erb within layouts/javascript (1.0ms)
  Rendered C:/Ruby200-x64/lib/ruby/gems/2.0.0/gems/web-console-2.1.2/lib/web_console/templates/index.html.erb (152.1ms)


Started GET "/pins/4/:text" for ::1 at 2015-06-15 23:52:15 -0500

ActionController::RoutingError (No route matches [GET] "/pins/4/:text"):
  actionpack (4.2.0) lib/action_dispatch/middleware/debug_exceptions.rb:21:in `call'
  web-console (2.1.2) lib/web_console/middleware.rb:37:in `call'
  actionpack (4.2.0) lib/action_dispatch/middleware/show_exceptions.rb:30:in `call'
  railties (4.2.0) lib/rails/rack/logger.rb:38:in `call_app'
  railties (4.2.0) lib/rails/rack/logger.rb:20:in `block in call'
  activesupport (4.2.0) lib/active_support/tagged_logging.rb:68:in `block in tagged'
  activesupport (4.2.0) lib/active_support/tagged_logging.rb:26:in `tagged'
  activesupport (4.2.0) lib/active_support/tagged_logging.rb:68:in `tagged'
  railties (4.2.0) lib/rails/rack/logger.rb:20:in `call'
  actionpack (4.2.0) lib/action_dispatch/middleware/request_id.rb:21:in `call'
  rack (1.6.1) lib/rack/methodoverride.rb:22:in `call'
  rack (1.6.1) lib/rack/runtime.rb:18:in `call'
  activesupport (4.2.0) lib/active_support/cache/strategy/local_cache_middleware.rb:28:in `call'
  rack (1.6.1) lib/rack/lock.rb:17:in `call'
  actionpack (4.2.0) lib/action_dispatch/middleware/static.rb:113:in `call'
  rack (1.6.1) lib/rack/sendfile.rb:113:in `call'
  railties (4.2.0) lib/rails/engine.rb:518:in `call'
  railties (4.2.0) lib/rails/application.rb:164:in `call'
  rack (1.6.1) lib/rack/content_length.rb:15:in `call'
  puma (2.11.3) lib/puma/server.rb:507:in `handle_request'
  puma (2.11.3) lib/puma/server.rb:375:in `process_client'
  puma (2.11.3) lib/puma/server.rb:262:in `block in run'
  puma (2.11.3) lib/puma/thread_pool.rb:104:in `call'
  puma (2.11.3) lib/puma/thread_pool.rb:104:in `block in spawn_thread'


  Rendered C:/Ruby200-x64/lib/ruby/gems/2.0.0/gems/actionpack-4.2.0/lib/action_dispatch/middleware/templates/rescues/_trace.html.erb (1.0ms)
  Rendered C:/Ruby200-x64/lib/ruby/gems/2.0.0/gems/actionpack-4.2.0/lib/action_dispatch/middleware/templates/routes/_route.html.erb (1.0ms)
  Rendered C:/Ruby200-x64/lib/ruby/gems/2.0.0/gems/actionpack-4.2.0/lib/action_dispatch/middleware/templates/routes/_table.html.erb (2.0ms)
  Rendered C:/Ruby200-x64/lib/ruby/gems/2.0.0/gems/actionpack-4.2.0/lib/action_dispatch/middleware/templates/rescues/_request_and_response.html.erb (2.0ms)
  Rendered C:/Ruby200-x64/lib/ruby/gems/2.0.0/gems/actionpack-4.2.0/lib/action_dispatch/middleware/templates/rescues/routing_error.html.erb within rescues/layout (93.1ms)
  Rendered C:/Ruby200-x64/lib/ruby/gems/2.0.0/gems/web-console-2.1.2/lib/web_console/templates/_markup.html.erb (0.0ms)
  Rendered C:/Ruby200-x64/lib/ruby/gems/2.0.0/gems/web-console-2.1.2/lib/web_console/templates/style.css.erb within layouts/inlined_string (0.0ms)
  Rendered C:/Ruby200-x64/lib/ruby/gems/2.0.0/gems/web-console-2.1.2/lib/web_console/templates/_inner_console_markup.html.erb within layouts/inlined_string (0.0ms)
  Rendered C:/Ruby200-x64/lib/ruby/gems/2.0.0/gems/web-console-2.1.2/lib/web_console/templates/_prompt_box_markup.html.erb within layouts/inlined_string (0.0ms)
  Rendered C:/Ruby200-x64/lib/ruby/gems/2.0.0/gems/web-console-2.1.2/lib/web_console/templates/console.js.erb within layouts/javascript (69.0ms)
  Rendered C:/Ruby200-x64/lib/ruby/gems/2.0.0/gems/web-console-2.1.2/lib/web_console/templates/main.js.erb within layouts/javascript (0.0ms)
  Rendered C:/Ruby200-x64/lib/ruby/gems/2.0.0/gems/web-console-2.1.2/lib/web_console/templates/error_page.js.erb within layouts/javascript (0.0ms)
  Rendered C:/Ruby200-x64/lib/ruby/gems/2.0.0/gems/web-console-2.1.2/lib/web_console/templates/index.html.erb (152.1ms)


Started GET "/pins/4/.:text" for ::1 at 2015-06-15 23:52:29 -0500

ActionController::RoutingError (No route matches [GET] "/pins/4/.:text"):
  actionpack (4.2.0) lib/action_dispatch/middleware/debug_exceptions.rb:21:in `call'
  web-console (2.1.2) lib/web_console/middleware.rb:37:in `call'
  actionpack (4.2.0) lib/action_dispatch/middleware/show_exceptions.rb:30:in `call'
  railties (4.2.0) lib/rails/rack/logger.rb:38:in `call_app'
  railties (4.2.0) lib/rails/rack/logger.rb:20:in `block in call'
  activesupport (4.2.0) lib/active_support/tagged_logging.rb:68:in `block in tagged'
  activesupport (4.2.0) lib/active_support/tagged_logging.rb:26:in `tagged'
  activesupport (4.2.0) lib/active_support/tagged_logging.rb:68:in `tagged'
  railties (4.2.0) lib/rails/rack/logger.rb:20:in `call'
  actionpack (4.2.0) lib/action_dispatch/middleware/request_id.rb:21:in `call'
  rack (1.6.1) lib/rack/methodoverride.rb:22:in `call'
  rack (1.6.1) lib/rack/runtime.rb:18:in `call'
  activesupport (4.2.0) lib/active_support/cache/strategy/local_cache_middleware.rb:28:in `call'
  rack (1.6.1) lib/rack/lock.rb:17:in `call'
  actionpack (4.2.0) lib/action_dispatch/middleware/static.rb:113:in `call'
  rack (1.6.1) lib/rack/sendfile.rb:113:in `call'
  railties (4.2.0) lib/rails/engine.rb:518:in `call'
  railties (4.2.0) lib/rails/application.rb:164:in `call'
  rack (1.6.1) lib/rack/content_length.rb:15:in `call'
  puma (2.11.3) lib/puma/server.rb:507:in `handle_request'
  puma (2.11.3) lib/puma/server.rb:375:in `process_client'
  puma (2.11.3) lib/puma/server.rb:262:in `block in run'
  puma (2.11.3) lib/puma/thread_pool.rb:104:in `call'
  puma (2.11.3) lib/puma/thread_pool.rb:104:in `block in spawn_thread'


  Rendered C:/Ruby200-x64/lib/ruby/gems/2.0.0/gems/actionpack-4.2.0/lib/action_dispatch/middleware/templates/rescues/_trace.html.erb (1.0ms)
  Rendered C:/Ruby200-x64/lib/ruby/gems/2.0.0/gems/actionpack-4.2.0/lib/action_dispatch/middleware/templates/routes/_route.html.erb (1.0ms)
  Rendered C:/Ruby200-x64/lib/ruby/gems/2.0.0/gems/actionpack-4.2.0/lib/action_dispatch/middleware/templates/routes/_table.html.erb (1.0ms)
  Rendered C:/Ruby200-x64/lib/ruby/gems/2.0.0/gems/actionpack-4.2.0/lib/action_dispatch/middleware/templates/rescues/_request_and_response.html.erb (1.0ms)
  Rendered C:/Ruby200-x64/lib/ruby/gems/2.0.0/gems/actionpack-4.2.0/lib/action_dispatch/middleware/templates/rescues/routing_error.html.erb within rescues/layout (94.0ms)
  Rendered C:/Ruby200-x64/lib/ruby/gems/2.0.0/gems/web-console-2.1.2/lib/web_console/templates/_markup.html.erb (0.0ms)
  Rendered C:/Ruby200-x64/lib/ruby/gems/2.0.0/gems/web-console-2.1.2/lib/web_console/templates/style.css.erb within layouts/inlined_string (0.0ms)
  Rendered C:/Ruby200-x64/lib/ruby/gems/2.0.0/gems/web-console-2.1.2/lib/web_console/templates/_inner_console_markup.html.erb within layouts/inlined_string (0.0ms)
  Rendered C:/Ruby200-x64/lib/ruby/gems/2.0.0/gems/web-console-2.1.2/lib/web_console/templates/_prompt_box_markup.html.erb within layouts/inlined_string (0.0ms)
  Rendered C:/Ruby200-x64/lib/ruby/gems/2.0.0/gems/web-console-2.1.2/lib/web_console/templates/console.js.erb within layouts/javascript (65.0ms)
  Rendered C:/Ruby200-x64/lib/ruby/gems/2.0.0/gems/web-console-2.1.2/lib/web_console/templates/main.js.erb within layouts/javascript (1.0ms)
  Rendered C:/Ruby200-x64/lib/ruby/gems/2.0.0/gems/web-console-2.1.2/lib/web_console/templates/error_page.js.erb within layouts/javascript (0.0ms)
  Rendered C:/Ruby200-x64/lib/ruby/gems/2.0.0/gems/web-console-2.1.2/lib/web_console/templates/index.html.erb (147.1ms)


Started GET "/pins/4/edit/text" for ::1 at 2015-06-15 23:52:40 -0500

ActionController::RoutingError (No route matches [GET] "/pins/4/edit/text"):
  actionpack (4.2.0) lib/action_dispatch/middleware/debug_exceptions.rb:21:in `call'
  web-console (2.1.2) lib/web_console/middleware.rb:37:in `call'
  actionpack (4.2.0) lib/action_dispatch/middleware/show_exceptions.rb:30:in `call'
  railties (4.2.0) lib/rails/rack/logger.rb:38:in `call_app'
  railties (4.2.0) lib/rails/rack/logger.rb:20:in `block in call'
  activesupport (4.2.0) lib/active_support/tagged_logging.rb:68:in `block in tagged'
  activesupport (4.2.0) lib/active_support/tagged_logging.rb:26:in `tagged'
  activesupport (4.2.0) lib/active_support/tagged_logging.rb:68:in `tagged'
  railties (4.2.0) lib/rails/rack/logger.rb:20:in `call'
  actionpack (4.2.0) lib/action_dispatch/middleware/request_id.rb:21:in `call'
  rack (1.6.1) lib/rack/methodoverride.rb:22:in `call'
  rack (1.6.1) lib/rack/runtime.rb:18:in `call'
  activesupport (4.2.0) lib/active_support/cache/strategy/local_cache_middleware.rb:28:in `call'
  rack (1.6.1) lib/rack/lock.rb:17:in `call'
  actionpack (4.2.0) lib/action_dispatch/middleware/static.rb:113:in `call'
  rack (1.6.1) lib/rack/sendfile.rb:113:in `call'
  railties (4.2.0) lib/rails/engine.rb:518:in `call'
  railties (4.2.0) lib/rails/application.rb:164:in `call'
  rack (1.6.1) lib/rack/content_length.rb:15:in `call'
  puma (2.11.3) lib/puma/server.rb:507:in `handle_request'
  puma (2.11.3) lib/puma/server.rb:375:in `process_client'
  puma (2.11.3) lib/puma/server.rb:262:in `block in run'
  puma (2.11.3) lib/puma/thread_pool.rb:104:in `call'
  puma (2.11.3) lib/puma/thread_pool.rb:104:in `block in spawn_thread'


  Rendered C:/Ruby200-x64/lib/ruby/gems/2.0.0/gems/actionpack-4.2.0/lib/action_dispatch/middleware/templates/rescues/_trace.html.erb (2.0ms)
  Rendered C:/Ruby200-x64/lib/ruby/gems/2.0.0/gems/actionpack-4.2.0/lib/action_dispatch/middleware/templates/routes/_route.html.erb (1.0ms)
  Rendered C:/Ruby200-x64/lib/ruby/gems/2.0.0/gems/actionpack-4.2.0/lib/action_dispatch/middleware/templates/routes/_table.html.erb (1.0ms)
  Rendered C:/Ruby200-x64/lib/ruby/gems/2.0.0/gems/actionpack-4.2.0/lib/action_dispatch/middleware/templates/rescues/_request_and_response.html.erb (1.0ms)
  Rendered C:/Ruby200-x64/lib/ruby/gems/2.0.0/gems/actionpack-4.2.0/lib/action_dispatch/middleware/templates/rescues/routing_error.html.erb within rescues/layout (95.1ms)
  Rendered C:/Ruby200-x64/lib/ruby/gems/2.0.0/gems/web-console-2.1.2/lib/web_console/templates/_markup.html.erb (0.0ms)
  Rendered C:/Ruby200-x64/lib/ruby/gems/2.0.0/gems/web-console-2.1.2/lib/web_console/templates/style.css.erb within layouts/inlined_string (1.0ms)
  Rendered C:/Ruby200-x64/lib/ruby/gems/2.0.0/gems/web-console-2.1.2/lib/web_console/templates/_inner_console_markup.html.erb within layouts/inlined_string (0.0ms)
  Rendered C:/Ruby200-x64/lib/ruby/gems/2.0.0/gems/web-console-2.1.2/lib/web_console/templates/_prompt_box_markup.html.erb within layouts/inlined_string (1.0ms)
  Rendered C:/Ruby200-x64/lib/ruby/gems/2.0.0/gems/web-console-2.1.2/lib/web_console/templates/console.js.erb within layouts/javascript (65.0ms)
  Rendered C:/Ruby200-x64/lib/ruby/gems/2.0.0/gems/web-console-2.1.2/lib/web_console/templates/main.js.erb within layouts/javascript (0.0ms)
  Rendered C:/Ruby200-x64/lib/ruby/gems/2.0.0/gems/web-console-2.1.2/lib/web_console/templates/error_page.js.erb within layouts/javascript (0.0ms)
  Rendered C:/Ruby200-x64/lib/ruby/gems/2.0.0/gems/web-console-2.1.2/lib/web_console/templates/index.html.erb (151.1ms)
